0 info it worked if it ends with ok
1 verbose cli [ '/usr/local/Cellar/node/7.4.0/bin/node',
1 verbose cli   '/usr/local/bin/npm',
1 verbose cli   'run',
1 verbose cli   'dev' ]
2 info using npm@4.0.5
3 info using node@v7.4.0
4 warn invalid config https-proxy=""
5 warn invalid config Must be a full url with 'http://'
6 verbose run-script [ 'predev', 'dev', 'postdev' ]
7 info lifecycle complete-intro-to-react@1.0.0~predev: complete-intro-to-react@1.0.0
8 silly lifecycle complete-intro-to-react@1.0.0~predev: no script for predev, continuing
9 info lifecycle complete-intro-to-react@1.0.0~dev: complete-intro-to-react@1.0.0
10 verbose lifecycle complete-intro-to-react@1.0.0~dev: unsafe-perm in lifecycle true
11 verbose lifecycle complete-intro-to-react@1.0.0~dev: PATH: /usr/local/lib/node_modules/npm/bin/node-gyp-bin:/Users/andrewbruckman/complete-intro-to-react/node_modules/.bin:/Users/andrewbruckman/anaconda/bin:/usr/local/bin:/usr/local/sbin:~/bin:/Users/andrewbruckman/.rvm/gems/ruby-2.4.0/bin:/Users/andrewbruckman/.rvm/gems/ruby-2.4.0@global/bin:/Users/andrewbruckman/.rvm/rubies/ruby-2.4.0/bin:/usr/local/bin:/usr/bin:/bin:/usr/sbin:/sbin:/Users/andrewbruckman/.rvm/bin:/Users/andrewbruckman/.rvm/bin
12 verbose lifecycle complete-intro-to-react@1.0.0~dev: CWD: /Users/andrewbruckman/complete-intro-to-react
13 silly lifecycle complete-intro-to-react@1.0.0~dev: Args: [ '-c', 'webpack-dev-server' ]
14 silly lifecycle complete-intro-to-react@1.0.0~dev: Returned: code: 1  signal: null
15 info lifecycle complete-intro-to-react@1.0.0~dev: Failed to exec dev script
16 verbose stack Error: complete-intro-to-react@1.0.0 dev: `webpack-dev-server`
16 verbose stack Exit status 1
16 verbose stack     at EventEmitter.<anonymous> (/usr/local/lib/node_modules/npm/lib/utils/lifecycle.js:279:16)
16 verbose stack     at emitTwo (events.js:106:13)
16 verbose stack     at EventEmitter.emit (events.js:191:7)
16 verbose stack     at ChildProcess.<anonymous> (/usr/local/lib/node_modules/npm/lib/utils/spawn.js:40:14)
16 verbose stack     at emitTwo (events.js:106:13)
16 verbose stack     at ChildProcess.emit (events.js:191:7)
16 verbose stack     at maybeClose (internal/child_process.js:885:16)
16 verbose stack     at Process.ChildProcess._handle.onexit (internal/child_process.js:226:5)
17 verbose pkgid complete-intro-to-react@1.0.0
18 verbose cwd /Users/andrewbruckman/complete-intro-to-react
19 error Darwin 16.5.0
20 error argv "/usr/local/Cellar/node/7.4.0/bin/node" "/usr/local/bin/npm" "run" "dev"
21 error node v7.4.0
22 error npm  v4.0.5
23 error code ELIFECYCLE
24 error complete-intro-to-react@1.0.0 dev: `webpack-dev-server`
24 error Exit status 1
25 error Failed at the complete-intro-to-react@1.0.0 dev script 'webpack-dev-server'.
25 error Make sure you have the latest version of node.js and npm installed.
25 error If you do, this is most likely a problem with the complete-intro-to-react package,
25 error not with npm itself.
25 error Tell the author that this fails on your system:
25 error     webpack-dev-server
25 error You can get information on how to open an issue for this project with:
25 error     npm bugs complete-intro-to-react
25 error Or if that isn't available, you can get their info via:
25 error     npm owner ls complete-intro-to-react
25 error There is likely additional logging output above.
26 verbose exit [ 1, true ]
